<html>
<head>
<title>TestNG:  Test</title>
<link href="../testng.css" rel="stylesheet" type="text/css" />
<link href="../my-testng.css" rel="stylesheet" type="text/css" />

<style type="text/css">
.log { display: none;} 
.stack-trace { display: none;} 
</style>
<script type="text/javascript">
<!--
function flip(e) {
  current = e.style.display;
  if (current == 'block') {
    e.style.display = 'none';
    return 0;
  }
  else {
    e.style.display = 'block';
    return 1;
  }
}

function toggleBox(szDivId, elem, msg1, msg2)
{
  var res = -1;  if (document.getElementById) {
    res = flip(document.getElementById(szDivId));
  }
  else if (document.all) {
    // this is the way old msie versions work
    res = flip(document.all[szDivId]);
  }
  if(elem) {
    if(res == 0) elem.innerHTML = msg1; else elem.innerHTML = msg2;
  }

}

function toggleAllBoxes() {
  if (document.getElementsByTagName) {
    d = document.getElementsByTagName('div');
    for (i = 0; i < d.length; i++) {
      if (d[i].className == 'log') {
        flip(d[i]);
      }
    }
  }
}

// -->
</script>

</head>
<body>
<h2 align='center'>Test</h2><table border='1' align="center">
<tr>
<td>Tests passed/Failed/Skipped:</td><td>5/1/0</td>
</tr><tr>
<td>Started on:</td><td>Wed Jan 08 19:20:55 IST 2020</td>
</tr>
<tr><td>Total time:</td><td>107 seconds (107700 ms)</td>
</tr><tr>
<td>Included groups:</td><td></td>
</tr><tr>
<td>Excluded groups:</td><td></td>
</tr>
</table><p/>
<small><i>(Hover the method name to see the test class name)</i></small><p/>
<table width='100%' border='1' class='invocation-failed'>
<tr><td colspan='4' align='center'><b>FAILED TESTS</b></td></tr>
<tr><td><b>Test method</b></td>
<td width="30%"><b>Exception</b></td>
<td width="10%"><b>Time (seconds)</b></td>
<td><b>Instance</b></td>
</tr>
<tr>
<td title='com.flipkart.testcases.PaymentTest.payment()'><b>payment</b><br>Test class: com.flipkart.testcases.PaymentTest<br>Parameters: 5196081888500645, 02, 25, 123<br/>
<a href="#Output-560549459" onClick='toggleBox("Output-560549459", this, "Show output", "Hide output");'>Show output</a>

<a href="#Output-560549459" onClick="toggleAllBoxes();">Show all outputs</a>
<div class='log' id="Output-560549459">
<H4>Repro steps--</H4><br>null<br><br/>
<a href=C:\Users\PoonamRanade\eclipse-workspace\SeleniumAutomationFramework\test-output\Screenshot\payment08_Jan_2020__07_22_33PM.png>Screenshot</a><br/>
<H4>Repro steps--</H4><br>null<br><br/>
<a href=C:\Users\PoonamRanade\eclipse-workspace\SeleniumAutomationFramework\test-output\Screenshot\payment08_Jan_2020__07_22_34PM.png>Screenshot</a><br/>
<H4>Repro steps--</H4><br>null<br><br/>
<a href=C:\Users\PoonamRanade\eclipse-workspace\SeleniumAutomationFramework\test-output\Screenshot\payment08_Jan_2020__07_22_42PM.png>Screenshot</a><br/>
</div>
</td>
<td><div><pre>org.openqa.selenium.NoSuchElementException: no such element: Unable to locate element: {&quot;method&quot;:&quot;xpath&quot;,&quot;selector&quot;:&quot;//butto[contains(text(),&apos;PAY&apos;)]&quot;}
  (Session info: chrome=78.0.3904.108)
For documentation on this error, please visit: https://www.seleniumhq.org/exceptions/no_such_element.html
Build info: version: &apos;3.141.59&apos;, revision: &apos;e82be7d358&apos;, time: &apos;2018-11-14T08:25:48&apos;
System info: host: &apos;MSDT140&apos;, ip: &apos;10.20.1.238&apos;, os.name: &apos;Windows 10&apos;, os.arch: &apos;amd64&apos;, os.version: &apos;10.0&apos;, java.version: &apos;1.8.0_231&apos;
Driver info: org.openqa.selenium.chrome.ChromeDriver
Capabilities {acceptInsecureCerts: false, browserName: chrome, browserVersion: 78.0.3904.108, chrome: {chromedriverVersion: 78.0.3904.105 (60e2d8774a81..., userDataDir: C:\Users\POONAM~1\AppData\L...}, goog:chromeOptions: {debuggerAddress: localhost:56449}, javascriptEnabled: true, networkConnectionEnabled: false, pageLoadStrategy: normal, platform: XP, platformName: XP, proxy: Proxy(), setWindowRect: true, strictFileInteractability: false, timeouts: {implicit: 0, pageLoad: 300000, script: 30000}, unhandledPromptBehavior: dismiss and notify}
Session ID: 159eeb424ffa98c1f714f3843fdd2d91
*** Element info: {Using=xpath, value=//butto[contains(text(),&apos;PAY&apos;)]}
	at org.openqa.selenium.remote.http.W3CHttpResponseCodec.createException(W3CHttpResponseCodec.java:187)
	at org.openqa.selenium.remote.http.W3CHttpResponseCodec.decode(W3CHttpResponseCodec.java:122)
	at org.openqa.selenium.remote.http.W3CHttpResponseCodec.decode(W3CHttpResponseCodec.java:49)
	at org.openqa.selenium.remote.HttpCommandExecutor.execute(HttpCommandExecutor.java:158)
	at org.openqa.selenium.remote.service.DriverCommandExecutor.execute(DriverCommandExecutor.java:83)
	at org.openqa.selenium.remote.RemoteWebDriver.execute(RemoteWebDriver.java:552)
	at org.openqa.selenium.remote.RemoteWebDriver.findElement(RemoteWebDriver.java:323)
	at org.openqa.selenium.remote.RemoteWebDriver.findElementByXPath(RemoteWebDriver.java:428)
	at org.openqa.selenium.By$ByXPath.findElement(By.java:353)
	at org.openqa.selenium.remote.RemoteWebDriver.findElement(RemoteWebDriver.java:315)
	at com.flipkart.core.ActionDriver.click(ActionDriver.java:22)
	at com.flipkart.pageobject.PaymentPage.payments(PaymentPage.java:34)
	at com.flipkart.testcases.PaymentTest.payment(PaymentTest.java:16)
... Removed 28 stack frames</pre></div><a href='#' onClick='toggleBox("stack-trace560549459", this, "Click to show all stack frames", "Click to hide stack frames")'>Click to show all stack frames</a>
<div class='stack-trace' id='stack-trace560549459'><pre>org.openqa.selenium.NoSuchElementException: no such element: Unable to locate element: {&quot;method&quot;:&quot;xpath&quot;,&quot;selector&quot;:&quot;//butto[contains(text(),&apos;PAY&apos;)]&quot;}
  (Session info: chrome=78.0.3904.108)
For documentation on this error, please visit: https://www.seleniumhq.org/exceptions/no_such_element.html
Build info: version: &apos;3.141.59&apos;, revision: &apos;e82be7d358&apos;, time: &apos;2018-11-14T08:25:48&apos;
System info: host: &apos;MSDT140&apos;, ip: &apos;10.20.1.238&apos;, os.name: &apos;Windows 10&apos;, os.arch: &apos;amd64&apos;, os.version: &apos;10.0&apos;, java.version: &apos;1.8.0_231&apos;
Driver info: org.openqa.selenium.chrome.ChromeDriver
Capabilities {acceptInsecureCerts: false, browserName: chrome, browserVersion: 78.0.3904.108, chrome: {chromedriverVersion: 78.0.3904.105 (60e2d8774a81..., userDataDir: C:\Users\POONAM~1\AppData\L...}, goog:chromeOptions: {debuggerAddress: localhost:56449}, javascriptEnabled: true, networkConnectionEnabled: false, pageLoadStrategy: normal, platform: XP, platformName: XP, proxy: Proxy(), setWindowRect: true, strictFileInteractability: false, timeouts: {implicit: 0, pageLoad: 300000, script: 30000}, unhandledPromptBehavior: dismiss and notify}
Session ID: 159eeb424ffa98c1f714f3843fdd2d91
*** Element info: {Using=xpath, value=//butto[contains(text(),&apos;PAY&apos;)]}
	at sun.reflect.NativeConstructorAccessorImpl.newInstance0(Native Method)
	at sun.reflect.NativeConstructorAccessorImpl.newInstance(Unknown Source)
	at sun.reflect.DelegatingConstructorAccessorImpl.newInstance(Unknown Source)
	at java.lang.reflect.Constructor.newInstance(Unknown Source)
	at org.openqa.selenium.remote.http.W3CHttpResponseCodec.createException(W3CHttpResponseCodec.java:187)
	at org.openqa.selenium.remote.http.W3CHttpResponseCodec.decode(W3CHttpResponseCodec.java:122)
	at org.openqa.selenium.remote.http.W3CHttpResponseCodec.decode(W3CHttpResponseCodec.java:49)
	at org.openqa.selenium.remote.HttpCommandExecutor.execute(HttpCommandExecutor.java:158)
	at org.openqa.selenium.remote.service.DriverCommandExecutor.execute(DriverCommandExecutor.java:83)
	at org.openqa.selenium.remote.RemoteWebDriver.execute(RemoteWebDriver.java:552)
	at org.openqa.selenium.remote.RemoteWebDriver.findElement(RemoteWebDriver.java:323)
	at org.openqa.selenium.remote.RemoteWebDriver.findElementByXPath(RemoteWebDriver.java:428)
	at org.openqa.selenium.By$ByXPath.findElement(By.java:353)
	at org.openqa.selenium.remote.RemoteWebDriver.findElement(RemoteWebDriver.java:315)
	at com.flipkart.core.ActionDriver.click(ActionDriver.java:22)
	at com.flipkart.pageobject.PaymentPage.payments(PaymentPage.java:34)
	at com.flipkart.testcases.PaymentTest.payment(PaymentTest.java:16)
	at sun.reflect.NativeMethodAccessorImpl.invoke0(Native Method)
	at sun.reflect.NativeMethodAccessorImpl.invoke(Unknown Source)
	at sun.reflect.DelegatingMethodAccessorImpl.invoke(Unknown Source)
	at java.lang.reflect.Method.invoke(Unknown Source)
	at org.testng.internal.MethodInvocationHelper.invokeMethod(MethodInvocationHelper.java:85)
	at org.testng.internal.Invoker.invokeMethod(Invoker.java:639)
	at org.testng.internal.Invoker.invokeTestMethod(Invoker.java:816)
	at org.testng.internal.Invoker.invokeTestMethods(Invoker.java:1124)
	at org.testng.internal.TestMethodWorker.invokeTestMethods(TestMethodWorker.java:125)
	at org.testng.internal.TestMethodWorker.run(TestMethodWorker.java:108)
	at org.testng.TestRunner.privateRun(TestRunner.java:774)
	at org.testng.TestRunner.run(TestRunner.java:624)
	at org.testng.SuiteRunner.runTest(SuiteRunner.java:359)
	at org.testng.SuiteRunner.runSequentially(SuiteRunner.java:354)
	at org.testng.SuiteRunner.privateRun(SuiteRunner.java:312)
	at org.testng.SuiteRunner.run(SuiteRunner.java:261)
	at org.testng.SuiteRunnerWorker.runSuite(SuiteRunnerWorker.java:52)
	at org.testng.SuiteRunnerWorker.run(SuiteRunnerWorker.java:86)
	at org.testng.TestNG.runSuitesSequentially(TestNG.java:1215)
	at org.testng.TestNG.runSuitesLocally(TestNG.java:1140)
	at org.testng.TestNG.run(TestNG.java:1048)
	at org.testng.remote.AbstractRemoteTestNG.run(AbstractRemoteTestNG.java:115)
	at org.testng.remote.RemoteTestNG.initAndRun(RemoteTestNG.java:251)
	at org.testng.remote.RemoteTestNG.main(RemoteTestNG.java:77)
</pre></div></td>
<td>19</td>
<td>com.flipkart.testcases.PaymentTest@3c153a1</td></tr>
</table><p>
<table width='100%' border='1' class='invocation-passed'>
<tr><td colspan='4' align='center'><b>PASSED TESTS</b></td></tr>
<tr><td><b>Test method</b></td>
<td width="30%"><b>Exception</b></td>
<td width="10%"><b>Time (seconds)</b></td>
<td><b>Instance</b></td>
</tr>
<tr>
<td title='com.flipkart.testcases.AddToCartPageTest.Adding_ToCart()'><b>Adding_ToCart</b><br>Test class: com.flipkart.testcases.AddToCartPageTest</td>
<td></td>
<td>32</td>
<td>com.flipkart.testcases.AddToCartPageTest@5c1a8622</td></tr>
<tr>
<td title='com.flipkart.testcases.CheckOutPageTest.Checking_OutFromCart()'><b>Checking_OutFromCart</b><br>Test class: com.flipkart.testcases.CheckOutPageTest<br>Parameters: Testing User, 9464478253, 122001, Gurgaon, H.no:1238/71,Gurgaon</td>
<td></td>
<td>15</td>
<td>com.flipkart.testcases.CheckOutPageTest@6156496</td></tr>
<tr>
<td title='com.flipkart.testcases.RemoveFromCartPageTest.Removing_FromCart()'><b>Removing_FromCart</b><br>Test class: com.flipkart.testcases.RemoveFromCartPageTest</td>
<td></td>
<td>6</td>
<td>com.flipkart.testcases.RemoveFromCartPageTest@5ad851c9</td></tr>
<tr>
<td title='com.flipkart.testcases.SearchPageTest.Search_Product()'><b>Search_Product</b><br>Test class: com.flipkart.testcases.SearchPageTest<br>Parameters: Samsung A50 Mobile</td>
<td></td>
<td>1</td>
<td>com.flipkart.testcases.SearchPageTest@2aa5fe93</td></tr>
<tr>
<td title='com.flipkart.testcases.LoginPageTest.signIn_validCredentials()'><b>signIn_validCredentials</b><br>Test class: com.flipkart.testcases.LoginPageTest<br>Test method: 1. Type valid credentials<br> 2. Click on login button<br>Parameters: 9464478253, Tester@1234</td>
<td></td>
<td>3</td>
<td>com.flipkart.testcases.LoginPageTest@3b2cf7ab</td></tr>
</table><p>
</body>
</html>