<?xml version="1.0" encoding="UTF-8"?>
<!-- Generated by org.testng.reporters.JUnitXMLReporter -->
<testsuite hostname="MSDT140" name="Test" tests="6" failures="1" timestamp="8 Jan 2020 13:52:43 GMT" time="107.7" errors="0">
  <testcase name="signIn_validCredentials" time="3.743" classname="com.flipkart.testcases.LoginPageTest"/>
  <testcase name="Search_Product" time="1.362" classname="com.flipkart.testcases.SearchPageTest"/>
  <testcase name="Adding_ToCart" time="32.526" classname="com.flipkart.testcases.AddToCartPageTest"/>
  <testcase name="Removing_FromCart" time="6.524" classname="com.flipkart.testcases.RemoveFromCartPageTest"/>
  <testcase name="Checking_OutFromCart" time="15.189" classname="com.flipkart.testcases.CheckOutPageTest"/>
  <testcase name="payment" time="19.875" classname="com.flipkart.testcases.PaymentTest">
    <failure type="org.openqa.selenium.NoSuchElementException" message="no such element: Unable to locate element: {&amp;quot;method&amp;quot;:&amp;quot;xpath&amp;quot;,&amp;quot;selector&amp;quot;:&amp;quot;//butto[contains(text(),&amp;apos;PAY&amp;apos;)]&amp;quot;}
  (Session info: chrome=78.0.3904.108)
For documentation on this error, please visit: https://www.seleniumhq.org/exceptions/no_such_element.html
Build info: version: &amp;apos;3.141.59&amp;apos;, revision: &amp;apos;e82be7d358&amp;apos;, time: &amp;apos;2018-11-14T08:25:48&amp;apos;
System info: host: &amp;apos;MSDT140&amp;apos;, ip: &amp;apos;10.20.1.238&amp;apos;, os.name: &amp;apos;Windows 10&amp;apos;, os.arch: &amp;apos;amd64&amp;apos;, os.version: &amp;apos;10.0&amp;apos;, java.version: &amp;apos;1.8.0_231&amp;apos;
Driver info: org.openqa.selenium.chrome.ChromeDriver
Capabilities {acceptInsecureCerts: false, browserName: chrome, browserVersion: 78.0.3904.108, chrome: {chromedriverVersion: 78.0.3904.105 (60e2d8774a81..., userDataDir: C:\Users\POONAM~1\AppData\L...}, goog:chromeOptions: {debuggerAddress: localhost:56449}, javascriptEnabled: true, networkConnectionEnabled: false, pageLoadStrategy: normal, platform: XP, platformName: XP, proxy: Proxy(), setWindowRect: true, strictFileInteractability: false, timeouts: {implicit: 0, pageLoad: 300000, script: 30000}, unhandledPromptBehavior: dismiss and notify}
Session ID: 159eeb424ffa98c1f714f3843fdd2d91
*** Element info: {Using=xpath, value=//butto[contains(text(),&amp;apos;PAY&amp;apos;)]}">
      <![CDATA[org.openqa.selenium.NoSuchElementException: no such element: Unable to locate element: {"method":"xpath","selector":"//butto[contains(text(),'PAY')]"}
  (Session info: chrome=78.0.3904.108)
For documentation on this error, please visit: https://www.seleniumhq.org/exceptions/no_such_element.html
Build info: version: '3.141.59', revision: 'e82be7d358', time: '2018-11-14T08:25:48'
System info: host: 'MSDT140', ip: '10.20.1.238', os.name: 'Windows 10', os.arch: 'amd64', os.version: '10.0', java.version: '1.8.0_231'
Driver info: org.openqa.selenium.chrome.ChromeDriver
Capabilities {acceptInsecureCerts: false, browserName: chrome, browserVersion: 78.0.3904.108, chrome: {chromedriverVersion: 78.0.3904.105 (60e2d8774a81..., userDataDir: C:\Users\POONAM~1\AppData\L...}, goog:chromeOptions: {debuggerAddress: localhost:56449}, javascriptEnabled: true, networkConnectionEnabled: false, pageLoadStrategy: normal, platform: XP, platformName: XP, proxy: Proxy(), setWindowRect: true, strictFileInteractability: false, timeouts: {implicit: 0, pageLoad: 300000, script: 30000}, unhandledPromptBehavior: dismiss and notify}
Session ID: 159eeb424ffa98c1f714f3843fdd2d91
*** Element info: {Using=xpath, value=//butto[contains(text(),'PAY')]}
	at org.openqa.selenium.remote.http.W3CHttpResponseCodec.createException(W3CHttpResponseCodec.java:187)
	at org.openqa.selenium.remote.http.W3CHttpResponseCodec.decode(W3CHttpResponseCodec.java:122)
	at org.openqa.selenium.remote.http.W3CHttpResponseCodec.decode(W3CHttpResponseCodec.java:49)
	at org.openqa.selenium.remote.HttpCommandExecutor.execute(HttpCommandExecutor.java:158)
	at org.openqa.selenium.remote.service.DriverCommandExecutor.execute(DriverCommandExecutor.java:83)
	at org.openqa.selenium.remote.RemoteWebDriver.execute(RemoteWebDriver.java:552)
	at org.openqa.selenium.remote.RemoteWebDriver.findElement(RemoteWebDriver.java:323)
	at org.openqa.selenium.remote.RemoteWebDriver.findElementByXPath(RemoteWebDriver.java:428)
	at org.openqa.selenium.By$ByXPath.findElement(By.java:353)
	at org.openqa.selenium.remote.RemoteWebDriver.findElement(RemoteWebDriver.java:315)
	at com.flipkart.core.ActionDriver.click(ActionDriver.java:22)
	at com.flipkart.pageobject.PaymentPage.payments(PaymentPage.java:34)
	at com.flipkart.testcases.PaymentTest.payment(PaymentTest.java:16)
... Removed 28 stack frames]]>
    </failure>
  </testcase> <!-- payment -->
</testsuite> <!-- Test -->
